###############################################################################
#
# IAR C/C++ Compiler V6.10.2.50871/W32 for MSP430         06/Nov/2014  16:08:06
# Copyright 1996-2014 IAR Systems AB.
# Standalone license - IAR Embedded Workbench for Texas Instruments MSP430, 8K KickStart Edition 6.10
#
#    __rt_version  =  3
#    __double_size =  32
#    __reg_r4      =  free
#    __reg_r5      =  free
#    __pic         =  no
#    __core        =  430X
#    __data_model  =  small
#    __code_model  =  large
#    Source file   =  C:\Users\Joseph\Documents\GitHub\ECE306\Proj6\LED.c
#    Command line  =  
#        C:\Users\Joseph\Documents\GitHub\ECE306\Proj6\LED.c -lC
#        C:\Users\Joseph\Documents\GitHub\ECE306\Proj6\Debug\List\ -o
#        C:\Users\Joseph\Documents\GitHub\ECE306\Proj6\Debug\Obj\ --no_cse
#        --no_unroll --no_inline --no_code_motion --no_tbaa --debug
#        -D__MSP430FR5739__ -e --double=32 --dlib_config "C:\Program Files
#        (x86)\IAR Systems\Embedded Workbench 7.0\430\lib\dlib\dl430xlsfn.h"
#        --core=430X --data_model=small -Ol --multiplier=32
#        --multiplier_location=4C0 --hw_workaround=CPU40 --hw_workaround=CPU39
#        --code_model=large
#    List file     =  
#        C:\Users\Joseph\Documents\GitHub\ECE306\Proj6\Debug\List\LED.lst
#    Object file   =  
#        C:\Users\Joseph\Documents\GitHub\ECE306\Proj6\Debug\Obj\LED.r43
#
###############################################################################

C:\Users\Joseph\Documents\GitHub\ECE306\Proj6\LED.c
      1          //===========================================================================
      2          // File Name : LED.c
      3          //
      4          // Description: Handle initialization of LEDs
      5          //
      6          // Author: Joseph Jarriel
      7          // Date: Sep 2014
      8          // Compiler: Built with IAR Embedded Workbench (6.10.5)
      9          // Globals: None
     10          // Functions: Init_LEDs
     11          //===========================================================================
     12          
     13          #include  "functions.h"
     14          #include "macros.h"
     15          #include  "msp430.h"

   \                                 In  segment DATA16_AN, at 0x222
   \   union <unnamed> _A_PBOUT_L
   \                     _A_PBOUT_L:
   \   000000                DS8 2

   \                                 In  segment DATA16_AN, at 0x322
   \   union <unnamed> _A_PJOUT_L
   \                     _A_PJOUT_L:
   \   000000                DS8 2
     16          

   \                                 In  segment CODE, align 2
     17          void Init_LEDs(void){
   \                     Init_LEDs:
     18          //===========================================================================
     19          // Function name: Init_LEDs
     20          //
     21          // Description: This function initialized the LEDs to off
     22          // 
     23          // Passed : no variables passed
     24          // Locals: no variables declared
     25          // Returned: no values returned
     26          // Globals: None
     27          // Calls: None
     28          //
     29          // Author: Joseph Jarriel
     30          // Date: Sep 2014
     31          // Compiler: Built with IAR Embedded Workbench Version (6.10.5)
     32          // ==========================================================================
     33          //------------------------------------------------------------------------------
     34          // LED Configurations
     35          //------------------------------------------------------------------------------
     36          // Turns on all 8 LEDs
     37            PJOUT &= ~LED1;
   \   000000   92C32203     BIC.W   #0x1, &0x322
     38            PJOUT &= ~LED2;
   \   000004   A2C32203     BIC.W   #0x2, &0x322
     39            PJOUT &= ~LED3;
   \   000008   A2C22203     BIC.W   #0x4, &0x322
     40            PJOUT &= ~LED4;
   \   00000C   B2C22203     BIC.W   #0x8, &0x322
     41            P3OUT &= ~LED5;
   \   000010   F2C010002202 BIC.B   #0x10, &0x222
     42            P3OUT &= ~LED6;
   \   000016   F2C020002202 BIC.B   #0x20, &0x222
     43            P3OUT &= ~LED7;
   \   00001C   F2C040002202 BIC.B   #0x40, &0x222
     44            P3OUT &= ~LED8;
   \   000022   F2C080002202 BIC.B   #0x80, &0x222
     45          //------------------------------------------------------------------------------
     46          }
   \   000028   1001         RETA
   \   00002A                REQUIRE _A_PJOUT_L
   \   00002A                REQUIRE _A_PBOUT_L

   Maximum stack usage in bytes:

   CSTACK Function
   ------ --------
      4   Init_LEDs


   Segment part sizes:

   Bytes  Function/Label
   -----  --------------
      42  Init_LEDs
       2  _A_PBOUT_L
       2  _A_PJOUT_L

 
 42 bytes in segment CODE
  4 bytes in segment DATA16_AN
 
 42 bytes of CODE memory
  0 bytes of DATA memory (+ 4 bytes shared)

Errors: none
Warnings: none
